Error in sitecustomize; set PYTHONVERBOSE for traceback:
AttributeError: module 'enum' has no attribute 'IntFlag'
Traceback (most recent call last):
  File "<string>", line 1, in <module>
  File "/usr/local/Cellar/python/3.7.0/Frameworks/Python.framework/Versions/3.7/lib/python3.7/distutils/sysconfig.py", line 14, in <module>
    import re
  File "/usr/local/Cellar/python/3.7.0/Frameworks/Python.framework/Versions/3.7/lib/python3.7/re.py", line 143, in <module>
    class RegexFlag(enum.IntFlag):
AttributeError: module 'enum' has no attribute 'IntFlag'
Error in sitecustomize; set PYTHONVERBOSE for traceback:
AttributeError: module 'enum' has no attribute 'IntFlag'
Traceback (most recent call last):
  File "/usr/local/lib/python2.7/site-packages/numpy/core/__init__.py", line 16, in <module>
    from . import multiarray
ImportError: dlopen(/usr/local/lib/python2.7/site-packages/numpy/core/multiarray.so, 2): Symbol not found: _PyBuffer_Type
  Referenced from: /usr/local/lib/python2.7/site-packages/numpy/core/multiarray.so
  Expected in: flat namespace
 in /usr/local/lib/python2.7/site-packages/numpy/core/multiarray.so

During handling of the above exception, another exception occurred:

Traceback (most recent call last):
  File "<string>", line 1, in <module>
  File "/usr/local/lib/python2.7/site-packages/numpy/__init__.py", line 142, in <module>
    from . import add_newdocs
  File "/usr/local/lib/python2.7/site-packages/numpy/add_newdocs.py", line 13, in <module>
    from numpy.lib import add_newdoc
  File "/usr/local/lib/python2.7/site-packages/numpy/lib/__init__.py", line 8, in <module>
    from .type_check import *
  File "/usr/local/lib/python2.7/site-packages/numpy/lib/type_check.py", line 11, in <module>
    import numpy.core.numeric as _nx
  File "/usr/local/lib/python2.7/site-packages/numpy/core/__init__.py", line 26, in <module>
    raise ImportError(msg)
ImportError:
Importing the multiarray numpy extension module failed.  Most
likely you are trying to import a failed build of numpy.
If you're working with a numpy git repo, try `git clean -xdf` (removes all
files not under version control).  Otherwise reinstall numpy.

Original error was: dlopen(/usr/local/lib/python2.7/site-packages/numpy/core/multiarray.so, 2): Symbol not found: _PyBuffer_Type
  Referenced from: /usr/local/lib/python2.7/site-packages/numpy/core/multiarray.so
  Expected in: flat namespace
 in /usr/local/lib/python2.7/site-packages/numpy/core/multiarray.so

